<?xml version="1.0" encoding="UTF-8"?>
<coverage generated="1579038726242" clover="3.2.0">
  <project timestamp="1579038726242" name="All files">
    <metrics statements="5" coveredstatements="5" conditionals="2" coveredconditionals="2" methods="5" coveredmethods="5" elements="12" coveredelements="12" complexity="0" loc="5" ncloc="5" packages="1" files="1" classes="1"/>
    <file name="teamClass.js" path="C:\Users\Vladimir\Downloads\Netology\Домашние задания продвинутый Javascript\Containers\1st task\src\js\teamClass.js">
      <metrics statements="5" coveredstatements="5" conditionals="2" coveredconditionals="2" methods="5" coveredmethods="5"/>
      <line num="3" count="4" type="stmt"/>
      <line num="7" count="7" type="cond" truecount="2" falsecount="0"/>
      <line num="8" count="6" type="stmt"/>
      <line num="12" count="8" type="stmt"/>
      <line num="16" count="1" type="stmt"/>
    </file>
  </project>
</coverage>
