{"C:\\Users\\Vladimir\\Downloads\\Netology\\Домашние задания продвинутый Javascript\\Containers\\1st task\\src\\js\\teamClass.js": {"path":"C:\\Users\\Vladimir\\Downloads\\Netology\\Домашние задания продвинутый Javascript\\Containers\\1st task\\src\\js\\teamClass.js","statementMap":{"0":{"start":{"line":3,"column":4},"end":{"line":3,"column":29}},"1":{"start":{"line":7,"column":4},"end":{"line":7,"column":92}},"2":{"start":{"line":7,"column":34},"end":{"line":7,"column":92}},"3":{"start":{"line":8,"column":4},"end":{"line":8,"column":29}},"4":{"start":{"line":12,"column":4},"end":{"line":12,"column":59}},"5":{"start":{"line":12,"column":32},"end":{"line":12,"column":57}},"6":{"start":{"line":16,"column":4},"end":{"line":16,"column":36}}},"fnMap":{"0":{"name":"(anonymous_0)","decl":{"start":{"line":2,"column":2},"end":{"line":2,"column":3}},"loc":{"start":{"line":2,"column":16},"end":{"line":4,"column":3}},"line":2},"1":{"name":"(anonymous_1)","decl":{"start":{"line":6,"column":2},"end":{"line":6,"column":3}},"loc":{"start":{"line":6,"column":14},"end":{"line":9,"column":3}},"line":6},"2":{"name":"(anonymous_2)","decl":{"start":{"line":11,"column":2},"end":{"line":11,"column":3}},"loc":{"start":{"line":11,"column":20},"end":{"line":13,"column":3}},"line":11},"3":{"name":"(anonymous_3)","decl":{"start":{"line":12,"column":19},"end":{"line":12,"column":20}},"loc":{"start":{"line":12,"column":32},"end":{"line":12,"column":57}},"line":12},"4":{"name":"(anonymous_4)","decl":{"start":{"line":15,"column":2},"end":{"line":15,"column":3}},"loc":{"start":{"line":15,"column":12},"end":{"line":17,"column":3}},"line":15}},"branchMap":{"0":{"loc":{"start":{"line":7,"column":4},"end":{"line":7,"column":92}},"type":"if","locations":[{"start":{"line":7,"column":4},"end":{"line":7,"column":92}},{"start":{"line":7,"column":4},"end":{"line":7,"column":92}}],"line":7}},"s":{"0":4,"1":7,"2":1,"3":6,"4":2,"5":8,"6":1},"f":{"0":4,"1":7,"2":2,"3":8,"4":1},"b":{"0":[1,6]},"_coverageSchema":"43e27e138ebf9cfc5966b082cf9a028302ed4184","hash":"962d5b6157f0b0bac77686ef85c7ea9277950409"}
}
